<?xml version="1.0" encoding="UTF-8"?>
<testng-results ignored="0" total="1" passed="1" failed="0" skipped="0">
  <reporter-output>
  </reporter-output>
  <suite started-at="2022-09-23T11:58:45 ICT" name="Default suite" finished-at="2022-09-23T11:58:58 ICT" duration-ms="13225">
    <groups>
    </groups>
    <test started-at="2022-09-23T11:58:45 ICT" name="Default test" finished-at="2022-09-23T11:58:58 ICT" duration-ms="13225">
      <class name="tests.WebTableTest">
        <test-method is-config="true" signature="openBrowser()[pri:0, instance:tests.WebTableTest@1fe20588]" started-at="2022-09-23T11:58:45 ICT" name="openBrowser" finished-at="2022-09-23T11:58:53 ICT" duration-ms="8608" status="PASS">
          <reporter-output>
          </reporter-output>
        </test-method> <!-- openBrowser -->
        <test-method signature="verifyTextAfterSubmit(java.lang.String,java.lang.String,java.lang.String,java.lang.String,java.lang.String,java.lang.String)[pri:0, instance:tests.WebTableTest@1fe20588]" started-at="2022-09-23T11:58:53 ICT" name="verifyTextAfterSubmit" data-provider="RegistrationData" finished-at="2022-09-23T11:58:58 ICT" duration-ms="4603" status="PASS">
          <params>
            <param index="0">
              <value>
                <![CDATA[Linh]]>
              </value>
            </param>
            <param index="1">
              <value>
                <![CDATA[Mai]]>
              </value>
            </param>
            <param index="2">
              <value>
                <![CDATA[linh@gmail.com]]>
              </value>
            </param>
            <param index="3">
              <value>
                <![CDATA[20]]>
              </value>
            </param>
            <param index="4">
              <value>
                <![CDATA[2000]]>
              </value>
            </param>
            <param index="5">
              <value>
                <![CDATA[bonee]]>
              </value>
            </param>
          </params>
          <reporter-output>
          </reporter-output>
        </test-method> <!-- verifyTextAfterSubmit -->
      </class> <!-- tests.WebTableTest -->
    </test> <!-- Default test -->
  </suite> <!-- Default suite -->
</testng-results>
